2018-10-19T02:29:12.488Z [chatbot-service] info: app bootstrap completed.
2018-10-19T02:38:37.165Z [chatbot-service] info: in POST /services/rest/message
2018-10-19T02:38:37.494Z [chatbot-service] info: in PATCH /services/rest/message/5bc943ad3570474b8afd81fa
2018-10-19T02:39:26.682Z [chatbot-service] info: in GET /services/rest/message?query={%22username%22:%22weimyang@paypal.com%22}
2018-10-19T03:15:10.235Z [chatbot-service] info: in GET /services/rest/message?query={%22username%22:%22weimyang@paypal.com%22}
2018-10-19T03:16:16.865Z [chatbot-service] info: in GET /services/rest/message?query={%22username%22:%22weimyang@paypal.com%22}
2018-10-19T03:17:08.341Z [chatbot-service] info: in GET /services/rest/message?query={%22username%22:%22weimyang@paypal.com%22}
2018-10-19T03:17:58.752Z [chatbot-service] info: in GET /services/rest/message?query={%22username%22:%22weimyang@paypal.com%22}
2018-10-19T03:18:50.621Z [chatbot-service] info: in GET /services/rest/message?query={%22username%22:%22weimyang@paypal.com%22}
2018-10-19T03:19:57.635Z [chatbot-service] info: in GET /services/rest/message?query={%22username%22:%22weimyang@paypal.com%22}
2018-10-19T03:25:13.524Z [chatbot-service] info: in GET /services/rest/message?query={%22username%22:%22weimyang@paypal.com%22}
2018-10-19T03:25:41.491Z [chatbot-service] info: in GET /services/rest/message?query={%22username%22:%22weimyang@paypal.com%22}
2018-10-19T03:25:53.603Z [chatbot-service] info: in GET /services/rest/message?query={%22username%22:%22weimyang@paypal.com%22}
2018-10-19T03:28:59.051Z [chatbot-service] info: in GET /services/rest/message?query={%22username%22:%22weimyang@paypal.com%22}
2018-10-19T03:30:16.002Z [chatbot-service] info: in GET /services/rest/message?query={%22username%22:%22weimyang@paypal.com%22}
2018-10-19T03:30:44.057Z [chatbot-service] info: in GET /services/rest/message?query={%22username%22:%22weimyang@paypal.com%22}
2018-10-19T03:31:06.392Z [chatbot-service] info: in GET /services/rest/message?query={%22username%22:%22weimyang@paypal.com%22}
2018-10-19T03:32:38.780Z [chatbot-service] info: in GET /services/rest/message?query={%22username%22:%22weimyang@paypal.com%22}
2018-10-19T03:35:25.750Z [chatbot-service] info: in GET /services/rest/message?query={%22username%22:%22weimyang@paypal.com%22}
2018-10-19T03:35:54.854Z [chatbot-service] info: in GET /services/rest/message?query={%22username%22:%22weimyang@paypal.com%22}
2018-10-19T03:36:07.403Z [chatbot-service] info: in GET /services/rest/message?query={%22username%22:%22weimyang@paypal.com%22}
2018-10-19T03:37:00.956Z [chatbot-service] info: in GET /services/rest/message?query={%22username%22:%22weimyang@paypal.com%22}
2018-10-19T03:38:38.158Z [chatbot-service] info: in GET /services/rest/message?query={%22username%22:%22weimyang@paypal.com%22}
2018-10-19T03:39:57.951Z [chatbot-service] info: in GET /services/rest/message?query={%22username%22:%22weimyang@paypal.com%22}
2018-10-19T03:40:09.360Z [chatbot-service] info: in GET /services/rest/message?query={%22username%22:%22weimyang@paypal.com%22}
2018-10-19T03:41:03.994Z [chatbot-service] info: in GET /services/rest/message?query={%22username%22:%22weimyang@paypal.com%22}
2018-10-19T03:44:02.365Z [chatbot-service] info: in GET /services/rest/message?query={%22username%22:%22weimyang@paypal.com%22}
2018-10-19T03:46:21.252Z [chatbot-service] info: in GET /services/rest/message?query={%22username%22:%22weimyang@paypal.com%22}
2018-10-19T03:48:42.907Z [chatbot-service] info: in GET /services/rest/message?query={%22username%22:%22weimyang@paypal.com%22}
2018-10-19T04:21:55.258Z [chatbot-service] info: in GET /services/rest/message?query={%22username%22:%22weimyang@paypal.com%22}
2018-10-19T04:22:44.225Z [chatbot-service] info: in GET /services/rest/message?query={%22username%22:%22weimyang@paypal.com%22}
2018-10-19T04:22:52.492Z [chatbot-service] info: in GET /services/rest/message?query={%22username%22:%22weimyang@paypal.com%22}
2018-10-19T04:23:05.515Z [chatbot-service] info: in GET /services/rest/message?query={%22username%22:%22weimyang@paypal.com%22}
2018-10-19T04:23:32.808Z [chatbot-service] info: in GET /services/rest/message?query={%22username%22:%22weimyang@paypal.com%22}
2018-10-19T04:27:13.586Z [chatbot-service] info: in GET /services/rest/message?query={%22username%22:%22weimyang@paypal.com%22}
2018-10-19T06:51:53.576Z [chatbot-service] info: in GET /services/rest/message?query={%22username%22:%22weimyang@paypal.com%22}
2018-10-19T06:53:37.357Z [chatbot-service] info: in GET /services/rest/message?query={%22username%22:%22weimyang@paypal.com%22}
2018-10-19T06:54:34.770Z [chatbot-service] info: in GET /services/rest/message?query={%22username%22:%22weimyang@paypal.com%22}
2018-10-19T06:55:00.956Z [chatbot-service] info: in GET /services/rest/message?query={%22username%22:%22weimyang@paypal.com%22}
2018-10-19T06:56:08.671Z [chatbot-service] info: in GET /services/rest/message?query={%22username%22:%22weimyang@paypal.com%22}
2018-10-19T06:57:36.555Z [chatbot-service] info: in GET /services/rest/message?query={%22username%22:%22weimyang@paypal.com%22}
2018-10-19T07:01:50.117Z [chatbot-service] info: in GET /services/rest/message?query={%22username%22:%22weimyang@paypal.com%22}
2018-10-19T07:02:38.801Z [chatbot-service] info: in GET /services/rest/message?query={%22username%22:%22weimyang@paypal.com%22}
2018-10-19T07:05:26.403Z [chatbot-service] info: in GET /services/rest/message?query={%22username%22:%22weimyang@paypal.com%22}
2018-10-19T07:05:33.837Z [chatbot-service] info: in GET /services/rest/message?query={%22username%22:%22weimyang@paypal.com%22}
2018-10-19T07:05:39.862Z [chatbot-service] info: in GET /services/rest/message?query={%22username%22:%22weimyang@paypal.com%22}
2018-10-19T07:07:14.211Z [chatbot-service] info: in GET /services/rest/message?query={%22username%22:%22weimyang@paypal.com%22}
2018-10-19T07:07:19.334Z [chatbot-service] info: in GET /services/rest/message?query={%22username%22:%22weimyang@paypal.com%22}
2018-10-19T07:08:48.642Z [chatbot-service] info: in GET /services/rest/message?query={%22username%22:%22weimyang@paypal.com%22}
2018-10-19T07:10:10.250Z [chatbot-service] info: in GET /services/rest/message?query={%22username%22:%22weimyang@paypal.com%22}
2018-10-19T07:10:52.126Z [chatbot-service] info: in GET /services/rest/message?query={%22username%22:%22weimyang@paypal.com%22}
2018-10-19T07:11:20.241Z [chatbot-service] info: in GET /services/rest/message?query={%22username%22:%22weimyang@paypal.com%22}
2018-10-19T07:16:11.354Z [chatbot-service] info: in GET /services/rest/message?query={%22username%22:%22weimyang@paypal.com%22}
2018-10-19T07:17:13.755Z [chatbot-service] info: in GET /services/rest/message?query={%22username%22:%22weimyang@paypal.com%22}
2018-10-19T07:18:38.280Z [chatbot-service] info: in GET /services/rest/message?query={%22username%22:%22weimyang@paypal.com%22}
2018-10-19T07:19:31.698Z [chatbot-service] info: in GET /services/rest/message?query={%22username%22:%22weimyang@paypal.com%22}
2018-10-19T07:20:18.934Z [chatbot-service] info: in GET /services/rest/message?query={%22username%22:%22weimyang@paypal.com%22}
2018-10-19T07:20:33.391Z [chatbot-service] info: in GET /services/rest/message?query={%22username%22:%22weimyang@paypal.com%22}
2018-10-19T07:21:57.057Z [chatbot-service] info: in GET /services/rest/message?query={%22username%22:%22weimyang@paypal.com%22}
2018-10-19T07:25:46.221Z [chatbot-service] info: in GET /services/rest/message?query={%22username%22:%22weimyang@paypal.com%22}
2018-10-19T07:26:24.116Z [chatbot-service] info: in GET /services/rest/message?query={%22username%22:%22weimyang@paypal.com%22}
2018-10-19T07:35:39.548Z [chatbot-service] info: in GET /services/rest/message?query={%22username%22:%22weimyang@paypal.com%22}
2018-10-19T07:55:26.205Z [chatbot-service] info: in GET /services/rest/message?query={%22username%22:%22weimyang@paypal.com%22}
2018-10-19T07:56:31.925Z [chatbot-service] info: in GET /services/rest/message?query={%22username%22:%22weimyang@paypal.com%22}
2018-10-19T07:57:09.642Z [chatbot-service] info: in GET /services/rest/message?query={%22username%22:%22weimyang@paypal.com%22}
2018-10-19T07:57:30.613Z [chatbot-service] info: in GET /services/rest/message?query={%22username%22:%22weimyang@paypal.com%22}
2018-10-19T08:03:41.081Z [chatbot-service] info: in GET /services/rest/message?query={%22username%22:%22weimyang@paypal.com%22}
2018-10-19T08:03:58.544Z [chatbot-service] info: in GET /services/rest/message?query={%22username%22:%22weimyang@paypal.com%22}
2018-10-19T08:12:42.923Z [chatbot-service] info: in GET /services/rest/message?query={%22username%22:%22weimyang@paypal.com%22}
2018-10-19T08:13:07.440Z [chatbot-service] info: in GET /services/rest/message?query={%22username%22:%22weimyang@paypal.com%22}
2018-10-19T08:15:20.105Z [chatbot-service] info: in GET /services/rest/message?query={%22username%22:%22weimyang@paypal.com%22}
2018-10-19T08:15:33.791Z [chatbot-service] info: in GET /services/rest/message?query={%22username%22:%22weimyang@paypal.com%22}
2018-10-19T08:17:00.332Z [chatbot-service] info: in GET /services/rest/message?query={%22username%22:%22weimyang@paypal.com%22}
2018-10-19T08:29:30.456Z [chatbot-service] info: in GET /services/rest/message?query={%22username%22:%22weimyang@paypal.com%22}
2018-10-19T08:33:39.460Z [chatbot-service] info: in GET /services/rest/message?query={%22username%22:%22weimyang@paypal.com%22}
2018-10-19T08:37:54.014Z [chatbot-service] info: in GET /services/rest/message?query={%22username%22:%22weimyang@paypal.com%22}
2018-10-19T08:38:46.373Z [chatbot-service] info: in GET /services/rest/message?query={%22username%22:%22weimyang@paypal.com%22}
2018-10-19T08:39:22.971Z [chatbot-service] info: in GET /services/rest/message?query={%22username%22:%22weimyang@paypal.com%22}
2018-10-19T08:39:48.990Z [chatbot-service] info: in GET /services/rest/message?query={%22username%22:%22weimyang@paypal.com%22}
2018-10-19T08:40:06.589Z [chatbot-service] info: in GET /services/rest/message?query={%22username%22:%22weimyang@paypal.com%22}
2018-10-19T08:42:54.661Z [chatbot-service] info: in GET /services/rest/message?query={%22username%22:%22weimyang@paypal.com%22}
2018-10-19T08:53:04.866Z [chatbot-service] info: in GET /services/rest/message?query={%22username%22:%22weimyang@paypal.com%22}
2018-10-19T08:53:29.268Z [chatbot-service] info: in GET /services/rest/message?query={%22username%22:%22weimyang@paypal.com%22}
2018-10-19T08:53:42.335Z [chatbot-service] info: in GET /services/rest/message?query={%22username%22:%22weimyang@paypal.com%22}
2018-10-19T08:58:15.677Z [chatbot-service] info: in GET /services/rest/message?query={%22username%22:%22weimyang@paypal.com%22}
2018-10-19T08:58:37.272Z [chatbot-service] info: in GET /services/rest/message?query={%22username%22:%22weimyang@paypal.com%22}
2018-10-19T09:00:07.085Z [chatbot-service] info: in GET /services/rest/message?query={%22username%22:%22weimyang@paypal.com%22}
2018-10-19T09:02:01.816Z [chatbot-service] info: in GET /services/rest/message?query={%22username%22:%22weimyang@paypal.com%22}
2018-10-19T09:02:14.981Z [chatbot-service] info: in GET /services/rest/message?query={%22username%22:%22weimyang@paypal.com%22}
2018-10-19T09:03:07.749Z [chatbot-service] info: in GET /services/rest/message?query={%22username%22:%22weimyang@paypal.com%22}
2018-10-19T09:03:47.787Z [chatbot-service] info: in GET /services/rest/message?query={%22username%22:%22weimyang@paypal.com%22}
2018-10-19T09:05:30.090Z [chatbot-service] info: in GET /services/rest/message?query={%22username%22:%22weimyang@paypal.com%22}
2018-10-19T10:21:40.599Z [chatbot-service] info: app bootstrap completed.
2018-10-19T10:22:43.967Z [chatbot-service] info: in GET /services/rest/message?query={%22username%22:%22weimyang@paypal.com%22}
2018-10-19T10:24:04.036Z [chatbot-service] info: in GET /services/rest/message?query={%22username%22:%22weimyang@paypal.com%22}
2018-10-19T10:25:43.957Z [chatbot-service] info: in POST /services/biz/waston/getAnswer
